<?xml version="1.0" encoding="UTF-8"?>
<!-- Generated by org.testng.reporters.JUnitXMLReporter -->
<testsuite ignored="0" hostname="MSI" failures="1" tests="1" name="Default test" time="9.322" errors="0" timestamp="2024-07-13T15:43:39 IST">
  <testcase classname="io.cucumber.testng.AbstractTestNGCucumberTests" name="runScenario" time="7.715">
    <failure type="java.lang.NullPointerException" message="Cannot invoke &amp;quot;com.rsa.POM.ProductCatalogue.getProductsList()&amp;quot; because &amp;quot;this.productCatalogue&amp;quot; is null">
      <![CDATA[java.lang.NullPointerException: Cannot invoke "com.rsa.POM.ProductCatalogue.getProductsList()" because "this.productCatalogue" is null
at com.rsa.cucumber.StepDefinationImpl.I_add_product_to_Cart(StepDefinationImpl.java:42)
at ✽.I add product success to Cart(file:///C:/Users/malli/Desktop/Selenium-arjun/Selenium_RSA/src/test/java/com/rsa/cucumber/SubmitOrder.feature:13)
]]>
    </failure>
  </testcase> <!-- runScenario -->
</testsuite> <!-- Default test -->
