<?xml version="1.0" encoding="UTF-8"?>
<!-- Generated by org.testng.reporters.JUnitXMLReporter -->
<testsuite ignored="0" hostname="MSI" failures="0" tests="3" name="SubmitOderTest" time="54.673" errors="0" timestamp="2024-07-08T23:06:48 IST">
  <testcase classname="com.rsa.POM.SubmitOderTest" name="submitOrder" time="15.212"/>
  <testcase classname="com.rsa.POM.SubmitOderTest" name="submitOrder" time="15.03"/>
  <testcase classname="com.rsa.POM.SubmitOderTest" name="orderTest" time="0.881"/>
</testsuite> <!-- SubmitOderTest -->
