<?xml version="1.0" encoding="UTF-8"?>
<testng-results ignored="0" total="1" passed="0" failed="1" skipped="0">
  <reporter-output>
  </reporter-output>
  <suite started-at="2024-07-13T15:43:29 IST" name="Default suite" finished-at="2024-07-13T15:43:39 IST" duration-ms="9322">
    <groups>
      <group name="cucumber">
        <method signature="AbstractTestNGCucumberTests.runScenario(io.cucumber.testng.PickleWrapper,io.cucumber.testng.FeatureWrapper)[pri:0, instance:com.rsa.cucumber.TestNGTestRunner@6d60fe40]" name="runScenario" class="io.cucumber.testng.AbstractTestNGCucumberTests"/>
      </group> <!-- cucumber -->
    </groups>
    <test started-at="2024-07-13T15:43:29 IST" name="Default test" finished-at="2024-07-13T15:43:39 IST" duration-ms="9322">
      <class name="com.rsa.cucumber.TestNGTestRunner">
        <test-method is-config="true" signature="setUpClass(org.testng.ITestContext)[pri:0, instance:com.rsa.cucumber.TestNGTestRunner@6d60fe40]" started-at="2024-07-13T15:43:29 IST" name="setUpClass" finished-at="2024-07-13T15:43:31 IST" duration-ms="1401" status="PASS">
          <params>
            <param index="0">
              <value>
                <![CDATA[org.testng.TestRunner@4beabeec]]>
              </value>
            </param>
          </params>
          <reporter-output>
          </reporter-output>
        </test-method> <!-- setUpClass -->
        <test-method signature="runScenario(io.cucumber.testng.PickleWrapper,io.cucumber.testng.FeatureWrapper)[pri:0, instance:com.rsa.cucumber.TestNGTestRunner@6d60fe40]" started-at="2024-07-13T15:43:31 IST" name="runScenario" description="Runs Cucumber Scenarios" data-provider="scenarios" finished-at="2024-07-13T15:43:39 IST" duration-ms="7715" status="FAIL">
          <params>
            <param index="0">
              <value>
                <![CDATA["Positive Test of Submitting the order"]]>
              </value>
            </param>
            <param index="1">
              <value>
                <![CDATA["Purchase the order from Ecommerce Website"]]>
              </value>
            </param>
          </params>
          <exception class="java.lang.NullPointerException">
            <message>
              <![CDATA[Cannot invoke "com.rsa.POM.ProductCatalogue.getProductsList()" because "this.productCatalogue" is null]]>
            </message>
            <full-stacktrace>
              <![CDATA[java.lang.NullPointerException: Cannot invoke "com.rsa.POM.ProductCatalogue.getProductsList()" because "this.productCatalogue" is null
at com.rsa.cucumber.StepDefinationImpl.I_add_product_to_Cart(StepDefinationImpl.java:42)
at ✽.I add product success to Cart(file:///C:/Users/malli/Desktop/Selenium-arjun/Selenium_RSA/src/test/java/com/rsa/cucumber/SubmitOrder.feature:13)
]]>
            </full-stacktrace>
          </exception> <!-- java.lang.NullPointerException -->
          <reporter-output>
          </reporter-output>
        </test-method> <!-- runScenario -->
        <test-method is-config="true" signature="tearDownClass()[pri:0, instance:com.rsa.cucumber.TestNGTestRunner@6d60fe40]" started-at="2024-07-13T15:43:39 IST" name="tearDownClass" finished-at="2024-07-13T15:43:39 IST" duration-ms="112" status="PASS">
          <reporter-output>
          </reporter-output>
        </test-method> <!-- tearDownClass -->
      </class> <!-- com.rsa.cucumber.TestNGTestRunner -->
    </test> <!-- Default test -->
  </suite> <!-- Default suite -->
</testng-results>
