<?xml version="1.0" encoding="UTF-8"?>
<!-- Generated by org.testng.reporters.JUnitReportReporter -->
<testsuite hostname="MSI" failures="0" tests="1" name="com.rsa.cucumber.TestNGTestRunner" time="7.715" errors="1" timestamp="2024-07-13T15:43:39 IST" skipped="0">
  <testcase classname="com.rsa.cucumber.TestNGTestRunner" name="runScenario" time="7.715">
    <error message="Cannot invoke &quot;com.rsa.POM.ProductCatalogue.getProductsList()&quot; because &quot;this.productCatalogue&quot; is null" type="java.lang.NullPointerException">
      <![CDATA[java.lang.NullPointerException: Cannot invoke "com.rsa.POM.ProductCatalogue.getProductsList()" because "this.productCatalogue" is null
at com.rsa.cucumber.StepDefinationImpl.I_add_product_to_Cart(StepDefinationImpl.java:42)
at ✽.I add product success to Cart(file:///C:/Users/malli/Desktop/Selenium-arjun/Selenium_RSA/src/test/java/com/rsa/cucumber/SubmitOrder.feature:13)
]]>
    </error>
  </testcase> <!-- runScenario -->
</testsuite> <!-- com.rsa.cucumber.TestNGTestRunner -->
